<?xml version="1.0" encoding="UTF-8"?>
<coverage generated="1777732075758" clover="3.2.0">
  <project timestamp="1777732075759" name="All files">
    <metrics statements="171" coveredstatements="130" conditionals="89" coveredconditionals="69" methods="76" coveredmethods="50" elements="336" coveredelements="249" complexity="0" loc="171" ncloc="171" packages="8" files="16" classes="16"/>
    <package name="app.api.simulate">
      <metrics statements="19" coveredstatements="12" conditionals="6" coveredconditionals="4" methods="1" coveredmethods="1"/>
      <file name="route.ts" path="C:\project\editohub-landing\src\app\api\simulate\route.ts">
        <metrics statements="19" coveredstatements="12" conditionals="6" coveredconditionals="4" methods="1" coveredmethods="1"/>
        <line num="5" count="1" type="stmt"/>
        <line num="26" count="2" type="stmt"/>
        <line num="27" count="2" type="stmt"/>
        <line num="28" count="2" type="stmt"/>
        <line num="30" count="2" type="cond" truecount="2" falsecount="0"/>
        <line num="31" count="1" type="stmt"/>
        <line num="37" count="1" type="stmt"/>
        <line num="39" count="1" type="stmt"/>
        <line num="41" count="1" type="stmt"/>
        <line num="59" count="2" type="stmt"/>
        <line num="60" count="2" type="stmt"/>
        <line num="62" count="1" type="stmt"/>
        <line num="69" count="0" type="stmt"/>
        <line num="70" count="0" type="stmt"/>
        <line num="72" count="0" type="stmt"/>
        <line num="102" count="0" type="stmt"/>
        <line num="107" count="0" type="stmt"/>
        <line num="108" count="0" type="stmt"/>
        <line num="109" count="0" type="stmt"/>
      </file>
    </package>
    <package name="components.journey">
      <metrics statements="19" coveredstatements="15" conditionals="10" coveredconditionals="8" methods="5" coveredmethods="4"/>
      <file name="manifesto-generator.tsx" path="C:\project\editohub-landing\src\components\journey\manifesto-generator.tsx">
        <metrics statements="19" coveredstatements="15" conditionals="10" coveredconditionals="8" methods="5" coveredmethods="4"/>
        <line num="1" count="1" type="stmt"/>
        <line num="21" count="7" type="stmt"/>
        <line num="22" count="7" type="stmt"/>
        <line num="23" count="7" type="stmt"/>
        <line num="24" count="7" type="stmt"/>
        <line num="30" count="7" type="stmt"/>
        <line num="31" count="1" type="cond" truecount="1" falsecount="1"/>
        <line num="32" count="0" type="stmt"/>
        <line num="33" count="0" type="stmt"/>
        <line num="36" count="1" type="stmt"/>
        <line num="37" count="1" type="stmt"/>
        <line num="39" count="1" type="cond" truecount="1" falsecount="1"/>
        <line num="40" count="0" type="stmt"/>
        <line num="42" count="1" type="stmt"/>
        <line num="44" count="1" type="stmt"/>
        <line num="47" count="7" type="stmt"/>
        <line num="68" count="2" type="stmt"/>
        <line num="98" count="1" type="stmt"/>
        <line num="102" count="0" type="stmt"/>
      </file>
    </package>
    <package name="components.ui">
      <metrics statements="29" coveredstatements="24" conditionals="3" coveredconditionals="2" methods="13" coveredmethods="8"/>
      <file name="button.tsx" path="C:\project\editohub-landing\src\components\ui\button.tsx">
        <metrics statements="6" coveredstatements="6" conditionals="3" coveredconditionals="2" methods="1" coveredmethods="1"/>
        <line num="1" count="3" type="stmt"/>
        <line num="8" count="3" type="stmt"/>
        <line num="43" count="3" type="stmt"/>
        <line num="45" count="26" type="cond" truecount="1" falsecount="1"/>
        <line num="46" count="26" type="stmt"/>
        <line num="55" count="3" type="stmt"/>
      </file>
      <file name="card.tsx" path="C:\project\editohub-landing\src\components\ui\card.tsx">
        <metrics statements="7" coveredstatements="4" conditionals="0" coveredconditionals="0" methods="7" coveredmethods="4"/>
        <line num="6" count="19" type="stmt"/>
        <line num="19" count="5" type="stmt"/>
        <line num="32" count="5" type="stmt"/>
        <line num="42" count="0" type="stmt"/>
        <line num="52" count="0" type="stmt"/>
        <line num="65" count="5" type="stmt"/>
        <line num="75" count="0" type="stmt"/>
      </file>
      <file name="input.tsx" path="C:\project\editohub-landing\src\components\ui\input.tsx">
        <metrics statements="3" coveredstatements="3" conditionals="0" coveredconditionals="0" methods="1" coveredmethods="1"/>
        <line num="7" count="1" type="stmt"/>
        <line num="9" count="8" type="stmt"/>
        <line num="22" count="1" type="stmt"/>
      </file>
      <file name="slider.tsx" path="C:\project\editohub-landing\src\components\ui\slider.tsx">
        <metrics statements="3" coveredstatements="3" conditionals="0" coveredconditionals="0" methods="1" coveredmethods="1"/>
        <line num="5" count="1" type="stmt"/>
        <line num="9" count="3" type="stmt"/>
        <line num="20" count="1" type="stmt"/>
      </file>
      <file name="textarea.tsx" path="C:\project\editohub-landing\src\components\ui\textarea.tsx">
        <metrics statements="3" coveredstatements="3" conditionals="0" coveredconditionals="0" methods="1" coveredmethods="1"/>
        <line num="7" count="1" type="stmt"/>
        <line num="9" count="7" type="stmt"/>
        <line num="21" count="1" type="stmt"/>
      </file>
      <file name="toggle-group.tsx" path="C:\project\editohub-landing\src\components\ui\toggle-group.tsx">
        <metrics statements="7" coveredstatements="5" conditionals="0" coveredconditionals="0" methods="2" coveredmethods="0"/>
        <line num="5" count="1" type="stmt"/>
        <line num="13" count="1" type="stmt"/>
        <line num="20" count="0" type="stmt"/>
        <line num="26" count="1" type="stmt"/>
        <line num="28" count="1" type="stmt"/>
        <line num="32" count="0" type="stmt"/>
        <line num="45" count="1" type="stmt"/>
      </file>
    </package>
    <package name="features.journey">
      <metrics statements="43" coveredstatements="39" conditionals="36" coveredconditionals="34" methods="19" coveredmethods="16"/>
      <file name="EVMSimulator.tsx" path="C:\project\editohub-landing\src\features\journey\EVMSimulator.tsx">
        <metrics statements="30" coveredstatements="28" conditionals="22" coveredconditionals="20" methods="12" coveredmethods="11"/>
        <line num="1" count="1" type="stmt"/>
        <line num="17" count="1" type="stmt"/>
        <line num="37" count="5" type="stmt"/>
        <line num="38" count="5" type="stmt"/>
        <line num="39" count="5" type="stmt"/>
        <line num="40" count="5" type="stmt"/>
        <line num="48" count="5" type="stmt"/>
        <line num="49" count="1" type="cond" truecount="1" falsecount="1"/>
        <line num="51" count="1" type="stmt"/>
        <line num="52" count="1" type="cond" truecount="1" falsecount="1"/>
        <line num="54" count="1" type="stmt"/>
        <line num="55" count="1" type="stmt"/>
        <line num="56" count="1" type="stmt"/>
        <line num="59" count="1" type="stmt"/>
        <line num="60" count="1" type="stmt"/>
        <line num="64" count="1" type="stmt"/>
        <line num="65" count="1" type="stmt"/>
        <line num="66" count="1" type="stmt"/>
        <line num="67" count="1" type="stmt"/>
        <line num="68" count="1" type="stmt"/>
        <line num="71" count="1" type="stmt"/>
        <line num="72" count="0" type="stmt"/>
        <line num="73" count="0" type="stmt"/>
        <line num="78" count="5" type="stmt"/>
        <line num="79" count="2" type="stmt"/>
        <line num="84" count="5" type="stmt"/>
        <line num="110" count="20" type="stmt"/>
        <line num="127" count="1" type="stmt"/>
        <line num="193" count="1" type="stmt"/>
        <line num="197" count="1" type="stmt"/>
      </file>
      <file name="VoterRegistration.tsx" path="C:\project\editohub-landing\src\features\journey\VoterRegistration.tsx">
        <metrics statements="13" coveredstatements="11" conditionals="14" coveredconditionals="14" methods="7" coveredmethods="5"/>
        <line num="1" count="1" type="stmt"/>
        <line num="10" count="7" type="stmt"/>
        <line num="11" count="7" type="stmt"/>
        <line num="12" count="7" type="stmt"/>
        <line num="18" count="7" type="stmt"/>
        <line num="19" count="2" type="stmt"/>
        <line num="20" count="2" type="stmt"/>
        <line num="21" count="2" type="stmt"/>
        <line num="22" count="2" type="stmt"/>
        <line num="26" count="7" type="stmt"/>
        <line num="61" count="1" type="stmt"/>
        <line num="72" count="0" type="stmt"/>
        <line num="170" count="0" type="stmt"/>
      </file>
    </package>
    <package name="features.simulation">
      <metrics statements="15" coveredstatements="7" conditionals="10" coveredconditionals="8" methods="10" coveredmethods="2"/>
      <file name="SimulationPanel.tsx" path="C:\project\editohub-landing\src\features\simulation\SimulationPanel.tsx">
        <metrics statements="15" coveredstatements="7" conditionals="10" coveredconditionals="8" methods="10" coveredmethods="2"/>
        <line num="9" count="1" type="stmt"/>
        <line num="10" count="5" type="stmt"/>
        <line num="11" count="5" type="stmt"/>
        <line num="12" count="5" type="stmt"/>
        <line num="14" count="5" type="stmt"/>
        <line num="15" count="0" type="stmt"/>
        <line num="16" count="0" type="stmt"/>
        <line num="25" count="5" type="stmt"/>
        <line num="49" count="1" type="stmt"/>
        <line num="62" count="0" type="stmt"/>
        <line num="93" count="0" type="stmt"/>
        <line num="105" count="0" type="stmt"/>
        <line num="117" count="0" type="stmt"/>
        <line num="147" count="0" type="stmt"/>
        <line num="150" count="0" type="stmt"/>
      </file>
    </package>
    <package name="lib">
      <metrics statements="7" coveredstatements="1" conditionals="6" coveredconditionals="0" methods="2" coveredmethods="1"/>
      <file name="utils.ts" path="C:\project\editohub-landing\src\lib\utils.ts">
        <metrics statements="7" coveredstatements="1" conditionals="6" coveredconditionals="0" methods="2" coveredmethods="1"/>
        <line num="5" count="78" type="stmt"/>
        <line num="9" count="0" type="stmt"/>
        <line num="10" count="0" type="cond" truecount="0" falsecount="4"/>
        <line num="11" count="0" type="stmt"/>
        <line num="13" count="0" type="stmt"/>
        <line num="14" count="0" type="stmt"/>
        <line num="15" count="0" type="cond" truecount="0" falsecount="2"/>
      </file>
    </package>
    <package name="services">
      <metrics statements="18" coveredstatements="17" conditionals="14" coveredconditionals="9" methods="2" coveredmethods="2"/>
      <file name="ai-service.ts" path="C:\project\editohub-landing\src\services\ai-service.ts">
        <metrics statements="18" coveredstatements="17" conditionals="14" coveredconditionals="9" methods="2" coveredmethods="2"/>
        <line num="20" count="3" type="cond" truecount="2" falsecount="0"/>
        <line num="21" count="1" type="stmt"/>
        <line num="24" count="2" type="stmt"/>
        <line num="25" count="2" type="stmt"/>
        <line num="33" count="2" type="cond" truecount="2" falsecount="0"/>
        <line num="34" count="1" type="stmt"/>
        <line num="37" count="1" type="stmt"/>
        <line num="38" count="1" type="cond" truecount="1" falsecount="1"/>
        <line num="40" count="1" type="stmt"/>
        <line num="41" count="1" type="cond" truecount="1" falsecount="1"/>
        <line num="51" count="2" type="stmt"/>
        <line num="52" count="2" type="stmt"/>
        <line num="60" count="1" type="cond" truecount="1" falsecount="1"/>
        <line num="61" count="0" type="stmt"/>
        <line num="64" count="1" type="stmt"/>
        <line num="65" count="1" type="cond" truecount="1" falsecount="1"/>
        <line num="67" count="1" type="stmt"/>
        <line num="68" count="1" type="cond" truecount="1" falsecount="1"/>
      </file>
    </package>
    <package name="stores">
      <metrics statements="21" coveredstatements="15" conditionals="4" coveredconditionals="4" methods="24" coveredmethods="16"/>
      <file name="useJourneyStore.ts" path="C:\project\editohub-landing\src\stores\useJourneyStore.ts">
        <metrics statements="6" coveredstatements="5" conditionals="2" coveredconditionals="2" methods="7" coveredmethods="5"/>
        <line num="33" count="1" type="stmt"/>
        <line num="35" count="1" type="stmt"/>
        <line num="39" count="2" type="stmt"/>
        <line num="40" count="2" type="stmt"/>
        <line num="45" count="0" type="stmt"/>
        <line num="48" count="1" type="stmt"/>
      </file>
      <file name="useSimulationStore.ts" path="C:\project\editohub-landing\src\stores\useSimulationStore.ts">
        <metrics statements="10" coveredstatements="7" conditionals="2" coveredconditionals="2" methods="10" coveredmethods="7"/>
        <line num="43" count="2" type="stmt"/>
        <line num="60" count="2" type="stmt"/>
        <line num="62" count="2" type="stmt"/>
        <line num="63" count="0" type="stmt"/>
        <line num="64" count="0" type="stmt"/>
        <line num="65" count="0" type="stmt"/>
        <line num="66" count="1" type="stmt"/>
        <line num="67" count="2" type="stmt"/>
        <line num="69" count="1" type="stmt"/>
        <line num="72" count="7" type="stmt"/>
      </file>
      <file name="useUIStore.ts" path="C:\project\editohub-landing\src\stores\useUIStore.ts">
        <metrics statements="5" coveredstatements="3" conditionals="0" coveredconditionals="0" methods="7" coveredmethods="4"/>
        <line num="11" count="1" type="stmt"/>
        <line num="14" count="1" type="stmt"/>
        <line num="15" count="0" type="stmt"/>
        <line num="16" count="0" type="stmt"/>
        <line num="17" count="3" type="stmt"/>
      </file>
    </package>
  </project>
</coverage>
