{"C:\\project\\editohub-landing\\src\\app\\api\\simulate\\route.ts": {"path":"C:\\project\\editohub-landing\\src\\app\\api\\simulate\\route.ts","statementMap":{"0":{"start":{"line":5,"column":25},"end":{"line":15,"column":2}},"1":{"start":{"line":26,"column":2},"end":{"line":115,"column":null}},"2":{"start":{"line":27,"column":17},"end":{"line":27,"column":33}},"3":{"start":{"line":28,"column":23},"end":{"line":28,"column":55}},"4":{"start":{"line":30,"column":4},"end":{"line":34,"column":null}},"5":{"start":{"line":31,"column":6},"end":{"line":34,"column":null}},"6":{"start":{"line":37,"column":20},"end":{"line":37,"column":null}},"7":{"start":{"line":39,"column":30},"end":{"line":39,"column":null}},"8":{"start":{"line":41,"column":19},"end":{"line":46,"column":null}},"9":{"start":{"line":59,"column":4},"end":{"line":104,"column":null}},"10":{"start":{"line":60,"column":21},"end":{"line":60,"column":84}},"11":{"start":{"line":62,"column":6},"end":{"line":67,"column":null}},"12":{"start":{"line":69,"column":18},"end":{"line":69,"column":null}},"13":{"start":{"line":70,"column":6},"end":{"line":70,"column":null}},"14":{"start":{"line":72,"column":29},"end":{"line":100,"column":null}},"15":{"start":{"line":102,"column":6},"end":{"line":104,"column":null}},"16":{"start":{"line":107,"column":16},"end":{"line":107,"column":null}},"17":{"start":{"line":108,"column":4},"end":{"line":108,"column":null}},"18":{"start":{"line":109,"column":4},"end":{"line":115,"column":null}}},"fnMap":{"0":{"name":"POST","decl":{"start":{"line":25,"column":22},"end":{"line":25,"column":27}},"loc":{"start":{"line":25,"column":45},"end":{"line":115,"column":null}},"line":25}},"branchMap":{"0":{"loc":{"start":{"line":30,"column":4},"end":{"line":34,"column":null}},"type":"if","locations":[{"start":{"line":30,"column":4},"end":{"line":34,"column":null}},{"start":{},"end":{}}],"line":30},"1":{"loc":{"start":{"line":46,"column":17},"end":{"line":46,"column":null}},"type":"binary-expr","locations":[{"start":{"line":46,"column":17},"end":{"line":46,"column":49}},{"start":{"line":46,"column":53},"end":{"line":46,"column":null}}],"line":46},"2":{"loc":{"start":{"line":112,"column":17},"end":{"line":112,"column":null}},"type":"binary-expr","locations":[{"start":{"line":112,"column":17},"end":{"line":112,"column":33}},{"start":{"line":112,"column":33},"end":{"line":112,"column":null}}],"line":112}},"s":{"0":1,"1":2,"2":2,"3":2,"4":2,"5":1,"6":1,"7":1,"8":1,"9":2,"10":2,"11":1,"12":0,"13":0,"14":0,"15":0,"16":0,"17":0,"18":0},"f":{"0":2},"b":{"0":[1,1],"1":[1,1],"2":[0,0]},"meta":{"lastBranch":3,"lastFunction":1,"lastStatement":19,"seen":{"s:5:25:15:2":0,"f:25:22:25:27":0,"s:26:2:115:Infinity":1,"s:27:17:27:33":2,"s:28:23:28:55":3,"b:30:4:34:Infinity:undefined:undefined:undefined:undefined":0,"s:30:4:34:Infinity":4,"s:31:6:34:Infinity":5,"s:37:20:37:Infinity":6,"s:39:30:39:Infinity":7,"s:41:19:46:Infinity":8,"b:46:17:46:49:46:53:46:Infinity":1,"s:59:4:104:Infinity":9,"s:60:21:60:84":10,"s:62:6:67:Infinity":11,"s:69:18:69:Infinity":12,"s:70:6:70:Infinity":13,"s:72:29:100:Infinity":14,"s:102:6:104:Infinity":15,"s:107:16:107:Infinity":16,"s:108:4:108:Infinity":17,"s:109:4:115:Infinity":18,"b:112:17:112:33:112:33:112:Infinity":2}}}
,"C:\\project\\editohub-landing\\src\\components\\journey\\manifesto-generator.tsx": {"path":"C:\\project\\editohub-landing\\src\\components\\journey\\manifesto-generator.tsx","statementMap":{"0":{"start":{"line":1,"column":0},"end":{"line":1,"column":null}},"1":{"start":{"line":21,"column":25},"end":{"line":21,"column":55}},"2":{"start":{"line":22,"column":17},"end":{"line":22,"column":42}},"3":{"start":{"line":23,"column":20},"end":{"line":23,"column":48}},"4":{"start":{"line":24,"column":18},"end":{"line":24,"column":47}},"5":{"start":{"line":30,"column":28},"end":{"line":44,"column":null}},"6":{"start":{"line":31,"column":4},"end":{"line":33,"column":null}},"7":{"start":{"line":32,"column":6},"end":{"line":32,"column":null}},"8":{"start":{"line":33,"column":6},"end":{"line":33,"column":null}},"9":{"start":{"line":36,"column":4},"end":{"line":36,"column":null}},"10":{"start":{"line":37,"column":21},"end":{"line":37,"column":62}},"11":{"start":{"line":39,"column":4},"end":{"line":42,"column":null}},"12":{"start":{"line":40,"column":6},"end":{"line":40,"column":null}},"13":{"start":{"line":42,"column":6},"end":{"line":42,"column":null}},"14":{"start":{"line":44,"column":4},"end":{"line":44,"column":null}},"15":{"start":{"line":47,"column":2},"end":{"line":117,"column":null}},"16":{"start":{"line":68,"column":31},"end":{"line":68,"column":56}},"17":{"start":{"line":98,"column":20},"end":{"line":98,"column":null}},"18":{"start":{"line":102,"column":33},"end":{"line":102,"column":52}}},"fnMap":{"0":{"name":"ManifestoGenerator","decl":{"start":{"line":20,"column":16},"end":{"line":20,"column":37}},"loc":{"start":{"line":20,"column":37},"end":{"line":117,"column":null}},"line":20},"1":{"name":"(anonymous_1)","decl":{"start":{"line":30,"column":28},"end":{"line":30,"column":40}},"loc":{"start":{"line":30,"column":40},"end":{"line":44,"column":null}},"line":30},"2":{"name":"(anonymous_2)","decl":{"start":{"line":68,"column":14},"end":{"line":68,"column":25}},"loc":{"start":{"line":68,"column":31},"end":{"line":68,"column":56}},"line":68},"3":{"name":"(anonymous_3)","decl":{"start":{"line":97,"column":41},"end":{"line":97,"column":46}},"loc":{"start":{"line":98,"column":20},"end":{"line":98,"column":null}},"line":98},"4":{"name":"(anonymous_4)","decl":{"start":{"line":102,"column":18},"end":{"line":102,"column":33}},"loc":{"start":{"line":102,"column":33},"end":{"line":102,"column":52}},"line":102}},"branchMap":{"0":{"loc":{"start":{"line":31,"column":4},"end":{"line":33,"column":null}},"type":"if","locations":[{"start":{"line":31,"column":4},"end":{"line":33,"column":null}},{"start":{},"end":{}}],"line":31},"1":{"loc":{"start":{"line":39,"column":4},"end":{"line":42,"column":null}},"type":"if","locations":[{"start":{"line":39,"column":4},"end":{"line":42,"column":null}},{"start":{"line":41,"column":11},"end":{"line":42,"column":null}}],"line":39},"2":{"loc":{"start":{"line":74,"column":22},"end":{"line":74,"column":null}},"type":"binary-expr","locations":[{"start":{"line":74,"column":22},"end":{"line":74,"column":33}},{"start":{"line":74,"column":33},"end":{"line":74,"column":null}}],"line":74},"3":{"loc":{"start":{"line":78,"column":13},"end":{"line":78,"column":null}},"type":"cond-expr","locations":[{"start":{"line":78,"column":23},"end":{"line":78,"column":null}},{"start":{"line":78,"column":70},"end":{"line":78,"column":null}}],"line":78},"4":{"loc":{"start":{"line":84,"column":13},"end":{"line":112,"column":null}},"type":"cond-expr","locations":[{"start":{"line":85,"column":14},"end":{"line":109,"column":15}},{"start":{"line":109,"column":14},"end":{"line":112,"column":null}}],"line":84}},"s":{"0":1,"1":7,"2":7,"3":7,"4":7,"5":7,"6":1,"7":0,"8":0,"9":1,"10":1,"11":1,"12":0,"13":1,"14":1,"15":7,"16":2,"17":1,"18":0},"f":{"0":7,"1":1,"2":2,"3":1,"4":0},"b":{"0":[0,1],"1":[0,1],"2":[7,6],"3":[1,6],"4":[1,6]},"meta":{"lastBranch":5,"lastFunction":5,"lastStatement":19,"seen":{"s:1:0:1:Infinity":0,"f:20:16:20:37":0,"s:21:25:21:55":1,"s:22:17:22:42":2,"s:23:20:23:48":3,"s:24:18:24:47":4,"s:30:28:44:Infinity":5,"f:30:28:30:40":1,"b:31:4:33:Infinity:undefined:undefined:undefined:undefined":0,"s:31:4:33:Infinity":6,"s:32:6:32:Infinity":7,"s:33:6:33:Infinity":8,"s:36:4:36:Infinity":9,"s:37:21:37:62":10,"b:39:4:42:Infinity:41:11:42:Infinity":1,"s:39:4:42:Infinity":11,"s:40:6:40:Infinity":12,"s:42:6:42:Infinity":13,"s:44:4:44:Infinity":14,"s:47:2:117:Infinity":15,"f:68:14:68:25":2,"s:68:31:68:56":16,"b:74:22:74:33:74:33:74:Infinity":2,"b:78:23:78:Infinity:78:70:78:Infinity":3,"b:85:14:109:15:109:14:112:Infinity":4,"f:97:41:97:46":3,"s:98:20:98:Infinity":17,"f:102:18:102:33":4,"s:102:33:102:52":18}}}
,"C:\\project\\editohub-landing\\src\\components\\ui\\button.tsx": {"path":"C:\\project\\editohub-landing\\src\\components\\ui\\button.tsx","statementMap":{"0":{"start":{"line":1,"column":0},"end":{"line":1,"column":null}},"1":{"start":{"line":8,"column":6},"end":{"line":34,"column":null}},"2":{"start":{"line":43,"column":15},"end":{"line":54,"column":null}},"3":{"start":{"line":45,"column":17},"end":{"line":45,"column":null}},"4":{"start":{"line":46,"column":4},"end":{"line":51,"column":null}},"5":{"start":{"line":55,"column":0},"end":{"line":55,"column":null}}},"fnMap":{"0":{"name":"(anonymous_0)","decl":{"start":{"line":43,"column":21},"end":{"line":43,"column":null}},"loc":{"start":{"line":44,"column":68},"end":{"line":54,"column":null}},"line":44}},"branchMap":{"0":{"loc":{"start":{"line":44,"column":31},"end":{"line":44,"column":48}},"type":"default-arg","locations":[{"start":{"line":44,"column":41},"end":{"line":44,"column":48}}],"line":44},"1":{"loc":{"start":{"line":45,"column":17},"end":{"line":45,"column":null}},"type":"cond-expr","locations":[{"start":{"line":45,"column":27},"end":{"line":45,"column":34}},{"start":{"line":45,"column":34},"end":{"line":45,"column":null}}],"line":45}},"s":{"0":3,"1":3,"2":3,"3":26,"4":26,"5":3},"f":{"0":26},"b":{"0":[26],"1":[0,26]},"meta":{"lastBranch":2,"lastFunction":1,"lastStatement":6,"seen":{"s:1:0:1:Infinity":0,"s:8:6:34:Infinity":1,"s:43:15:54:Infinity":2,"f:43:21:43:Infinity":0,"b:44:41:44:48":0,"s:45:17:45:Infinity":3,"b:45:27:45:34:45:34:45:Infinity":1,"s:46:4:51:Infinity":4,"s:55:0:55:Infinity":5}}}
,"C:\\project\\editohub-landing\\src\\components\\ui\\card.tsx": {"path":"C:\\project\\editohub-landing\\src\\components\\ui\\card.tsx","statementMap":{"0":{"start":{"line":6,"column":2},"end":{"line":14,"column":null}},"1":{"start":{"line":19,"column":2},"end":{"line":27,"column":null}},"2":{"start":{"line":32,"column":2},"end":{"line":37,"column":null}},"3":{"start":{"line":42,"column":2},"end":{"line":47,"column":null}},"4":{"start":{"line":52,"column":2},"end":{"line":60,"column":null}},"5":{"start":{"line":65,"column":2},"end":{"line":70,"column":null}},"6":{"start":{"line":75,"column":2},"end":{"line":80,"column":null}}},"fnMap":{"0":{"name":"Card","decl":{"start":{"line":5,"column":9},"end":{"line":5,"column":14}},"loc":{"start":{"line":5,"column":68},"end":{"line":14,"column":null}},"line":5},"1":{"name":"CardHeader","decl":{"start":{"line":18,"column":9},"end":{"line":18,"column":20}},"loc":{"start":{"line":18,"column":74},"end":{"line":27,"column":null}},"line":18},"2":{"name":"CardTitle","decl":{"start":{"line":31,"column":9},"end":{"line":31,"column":19}},"loc":{"start":{"line":31,"column":73},"end":{"line":37,"column":null}},"line":31},"3":{"name":"CardDescription","decl":{"start":{"line":41,"column":9},"end":{"line":41,"column":25}},"loc":{"start":{"line":41,"column":79},"end":{"line":47,"column":null}},"line":41},"4":{"name":"CardAction","decl":{"start":{"line":51,"column":9},"end":{"line":51,"column":20}},"loc":{"start":{"line":51,"column":74},"end":{"line":60,"column":null}},"line":51},"5":{"name":"CardContent","decl":{"start":{"line":64,"column":9},"end":{"line":64,"column":21}},"loc":{"start":{"line":64,"column":75},"end":{"line":70,"column":null}},"line":64},"6":{"name":"CardFooter","decl":{"start":{"line":74,"column":9},"end":{"line":74,"column":20}},"loc":{"start":{"line":74,"column":74},"end":{"line":80,"column":null}},"line":74}},"branchMap":{},"s":{"0":19,"1":5,"2":5,"3":0,"4":0,"5":5,"6":0},"f":{"0":19,"1":5,"2":5,"3":0,"4":0,"5":5,"6":0},"b":{},"meta":{"lastBranch":0,"lastFunction":7,"lastStatement":7,"seen":{"f:5:9:5:14":0,"s:6:2:14:Infinity":0,"f:18:9:18:20":1,"s:19:2:27:Infinity":1,"f:31:9:31:19":2,"s:32:2:37:Infinity":2,"f:41:9:41:25":3,"s:42:2:47:Infinity":3,"f:51:9:51:20":4,"s:52:2:60:Infinity":4,"f:64:9:64:21":5,"s:65:2:70:Infinity":5,"f:74:9:74:20":6,"s:75:2:80:Infinity":6}}}
,"C:\\project\\editohub-landing\\src\\components\\ui\\input.tsx": {"path":"C:\\project\\editohub-landing\\src\\components\\ui\\input.tsx","statementMap":{"0":{"start":{"line":7,"column":14},"end":{"line":21,"column":null}},"1":{"start":{"line":9,"column":4},"end":{"line":18,"column":null}},"2":{"start":{"line":22,"column":0},"end":{"line":22,"column":null}}},"fnMap":{"0":{"name":"(anonymous_0)","decl":{"start":{"line":7,"column":20},"end":{"line":7,"column":null}},"loc":{"start":{"line":8,"column":42},"end":{"line":21,"column":null}},"line":8}},"branchMap":{},"s":{"0":1,"1":8,"2":1},"f":{"0":8},"b":{},"meta":{"lastBranch":0,"lastFunction":1,"lastStatement":3,"seen":{"s:7:14:21:Infinity":0,"f:7:20:7:Infinity":0,"s:9:4:18:Infinity":1,"s:22:0:22:Infinity":2}}}
,"C:\\project\\editohub-landing\\src\\components\\ui\\slider.tsx": {"path":"C:\\project\\editohub-landing\\src\\components\\ui\\slider.tsx","statementMap":{"0":{"start":{"line":5,"column":15},"end":{"line":19,"column":null}},"1":{"start":{"line":9,"column":2},"end":{"line":19,"column":null}},"2":{"start":{"line":20,"column":0},"end":{"line":20,"column":null}}},"fnMap":{"0":{"name":"(anonymous_0)","decl":{"start":{"line":5,"column":21},"end":{"line":5,"column":null}},"loc":{"start":{"line":9,"column":2},"end":{"line":19,"column":null}},"line":9}},"branchMap":{},"s":{"0":1,"1":3,"2":1},"f":{"0":3},"b":{},"meta":{"lastBranch":0,"lastFunction":1,"lastStatement":3,"seen":{"s:5:15:19:Infinity":0,"f:5:21:5:Infinity":0,"s:9:2:19:Infinity":1,"s:20:0:20:Infinity":2}}}
,"C:\\project\\editohub-landing\\src\\components\\ui\\textarea.tsx": {"path":"C:\\project\\editohub-landing\\src\\components\\ui\\textarea.tsx","statementMap":{"0":{"start":{"line":7,"column":17},"end":{"line":20,"column":null}},"1":{"start":{"line":9,"column":4},"end":{"line":17,"column":null}},"2":{"start":{"line":21,"column":0},"end":{"line":21,"column":null}}},"fnMap":{"0":{"name":"(anonymous_0)","decl":{"start":{"line":7,"column":23},"end":{"line":7,"column":null}},"loc":{"start":{"line":8,"column":36},"end":{"line":20,"column":null}},"line":8}},"branchMap":{},"s":{"0":1,"1":7,"2":1},"f":{"0":7},"b":{},"meta":{"lastBranch":0,"lastFunction":1,"lastStatement":3,"seen":{"s:7:17:20:Infinity":0,"f:7:23:7:Infinity":0,"s:9:4:17:Infinity":1,"s:21:0:21:Infinity":2}}}
,"C:\\project\\editohub-landing\\src\\components\\ui\\toggle-group.tsx": {"path":"C:\\project\\editohub-landing\\src\\components\\ui\\toggle-group.tsx","statementMap":{"0":{"start":{"line":5,"column":27},"end":{"line":11,"column":2}},"1":{"start":{"line":13,"column":20},"end":{"line":25,"column":null}},"2":{"start":{"line":20,"column":2},"end":{"line":25,"column":null}},"3":{"start":{"line":26,"column":0},"end":{"line":26,"column":null}},"4":{"start":{"line":28,"column":24},"end":{"line":44,"column":null}},"5":{"start":{"line":32,"column":2},"end":{"line":42,"column":null}},"6":{"start":{"line":45,"column":0},"end":{"line":45,"column":null}}},"fnMap":{"0":{"name":"(anonymous_0)","decl":{"start":{"line":13,"column":26},"end":{"line":13,"column":null}},"loc":{"start":{"line":20,"column":2},"end":{"line":25,"column":null}},"line":20},"1":{"name":"(anonymous_1)","decl":{"start":{"line":28,"column":30},"end":{"line":28,"column":null}},"loc":{"start":{"line":31,"column":46},"end":{"line":44,"column":null}},"line":31}},"branchMap":{},"s":{"0":1,"1":1,"2":0,"3":1,"4":1,"5":0,"6":1},"f":{"0":0,"1":0},"b":{},"meta":{"lastBranch":0,"lastFunction":2,"lastStatement":7,"seen":{"s:5:27:11:2":0,"s:13:20:25:Infinity":1,"f:13:26:13:Infinity":0,"s:20:2:25:Infinity":2,"s:26:0:26:Infinity":3,"s:28:24:44:Infinity":4,"f:28:30:28:Infinity":1,"s:32:2:42:Infinity":5,"s:45:0:45:Infinity":6}}}
,"C:\\project\\editohub-landing\\src\\features\\journey\\EVMSimulator.tsx": {"path":"C:\\project\\editohub-landing\\src\\features\\journey\\EVMSimulator.tsx","statementMap":{"0":{"start":{"line":1,"column":0},"end":{"line":1,"column":null}},"1":{"start":{"line":17,"column":32},"end":{"line":22,"column":null}},"2":{"start":{"line":37,"column":21},"end":{"line":37,"column":67}},"3":{"start":{"line":38,"column":18},"end":{"line":38,"column":56}},"4":{"start":{"line":39,"column":19},"end":{"line":39,"column":58}},"5":{"start":{"line":40,"column":24},"end":{"line":40,"column":77}},"6":{"start":{"line":48,"column":8},"end":{"line":75,"column":15}},"7":{"start":{"line":49,"column":4},"end":{"line":49,"column":null}},"8":{"start":{"line":49,"column":17},"end":{"line":49,"column":null}},"9":{"start":{"line":51,"column":22},"end":{"line":51,"column":55}},"10":{"start":{"line":51,"column":43},"end":{"line":51,"column":55}},"11":{"start":{"line":52,"column":4},"end":{"line":52,"column":null}},"12":{"start":{"line":52,"column":20},"end":{"line":52,"column":null}},"13":{"start":{"line":54,"column":4},"end":{"line":54,"column":null}},"14":{"start":{"line":55,"column":4},"end":{"line":55,"column":null}},"15":{"start":{"line":56,"column":4},"end":{"line":56,"column":null}},"16":{"start":{"line":59,"column":22},"end":{"line":61,"column":11}},"17":{"start":{"line":60,"column":6},"end":{"line":60,"column":null}},"18":{"start":{"line":64,"column":23},"end":{"line":69,"column":12}},"19":{"start":{"line":65,"column":6},"end":{"line":65,"column":null}},"20":{"start":{"line":66,"column":6},"end":{"line":66,"column":null}},"21":{"start":{"line":67,"column":6},"end":{"line":67,"column":null}},"22":{"start":{"line":68,"column":6},"end":{"line":68,"column":null}},"23":{"start":{"line":71,"column":4},"end":{"line":73,"column":null}},"24":{"start":{"line":72,"column":6},"end":{"line":72,"column":null}},"25":{"start":{"line":73,"column":6},"end":{"line":73,"column":null}},"26":{"start":{"line":78,"column":2},"end":{"line":82,"column":null}},"27":{"start":{"line":79,"column":4},"end":{"line":79,"column":null}},"28":{"start":{"line":84,"column":2},"end":{"line":247,"column":null}},"29":{"start":{"line":110,"column":12},"end":{"line":139,"column":null}},"30":{"start":{"line":127,"column":31},"end":{"line":127,"column":47}},"31":{"start":{"line":193,"column":89},"end":{"line":193,"column":109}},"32":{"start":{"line":197,"column":79},"end":{"line":197,"column":99}}},"fnMap":{"0":{"name":"EVMSimulator","decl":{"start":{"line":36,"column":16},"end":{"line":36,"column":31}},"loc":{"start":{"line":36,"column":31},"end":{"line":247,"column":null}},"line":36},"1":{"name":"(anonymous_1)","decl":{"start":{"line":48,"column":21},"end":{"line":48,"column":34}},"loc":{"start":{"line":48,"column":49},"end":{"line":75,"column":6}},"line":48},"2":{"name":"(anonymous_2)","decl":{"start":{"line":51,"column":33},"end":{"line":51,"column":38}},"loc":{"start":{"line":51,"column":43},"end":{"line":51,"column":55}},"line":51},"3":{"name":"(anonymous_3)","decl":{"start":{"line":59,"column":22},"end":{"line":59,"column":39}},"loc":{"start":{"line":59,"column":39},"end":{"line":61,"column":11}},"line":59},"4":{"name":"(anonymous_4)","decl":{"start":{"line":64,"column":23},"end":{"line":64,"column":40}},"loc":{"start":{"line":64,"column":40},"end":{"line":69,"column":12}},"line":64},"5":{"name":"(anonymous_5)","decl":{"start":{"line":71,"column":4},"end":{"line":71,"column":17}},"loc":{"start":{"line":71,"column":17},"end":{"line":73,"column":null}},"line":71},"6":{"name":"(anonymous_6)","decl":{"start":{"line":78,"column":2},"end":{"line":78,"column":18}},"loc":{"start":{"line":78,"column":18},"end":{"line":82,"column":7}},"line":78},"7":{"name":"(anonymous_7)","decl":{"start":{"line":79,"column":4},"end":{"line":79,"column":17}},"loc":{"start":{"line":79,"column":17},"end":{"line":79,"column":null}},"line":79},"8":{"name":"(anonymous_8)","decl":{"start":{"line":109,"column":22},"end":{"line":109,"column":27}},"loc":{"start":{"line":110,"column":12},"end":{"line":139,"column":null}},"line":110},"9":{"name":"(anonymous_9)","decl":{"start":{"line":127,"column":16},"end":{"line":127,"column":31}},"loc":{"start":{"line":127,"column":31},"end":{"line":127,"column":47}},"line":127},"10":{"name":"(anonymous_10)","decl":{"start":{"line":193,"column":79},"end":{"line":193,"column":84}},"loc":{"start":{"line":193,"column":89},"end":{"line":193,"column":109}},"line":193},"11":{"name":"(anonymous_11)","decl":{"start":{"line":197,"column":69},"end":{"line":197,"column":74}},"loc":{"start":{"line":197,"column":79},"end":{"line":197,"column":99}},"line":197}},"branchMap":{"0":{"loc":{"start":{"line":49,"column":4},"end":{"line":49,"column":null}},"type":"if","locations":[{"start":{"line":49,"column":4},"end":{"line":49,"column":null}},{"start":{},"end":{}}],"line":49},"1":{"loc":{"start":{"line":52,"column":4},"end":{"line":52,"column":null}},"type":"if","locations":[{"start":{"line":52,"column":4},"end":{"line":52,"column":null}},{"start":{},"end":{}}],"line":52},"2":{"loc":{"start":{"line":98,"column":49},"end":{"line":98,"column":102}},"type":"cond-expr","locations":[{"start":{"line":98,"column":59},"end":{"line":98,"column":75}},{"start":{"line":98,"column":75},"end":{"line":98,"column":102}}],"line":98},"3":{"loc":{"start":{"line":102,"column":15},"end":{"line":102,"column":null}},"type":"cond-expr","locations":[{"start":{"line":102,"column":25},"end":{"line":102,"column":34}},{"start":{"line":102,"column":34},"end":{"line":102,"column":null}}],"line":102},"4":{"loc":{"start":{"line":113,"column":16},"end":{"line":113,"column":null}},"type":"cond-expr","locations":[{"start":{"line":113,"column":38},"end":{"line":113,"column":90}},{"start":{"line":113,"column":90},"end":{"line":113,"column":null}}],"line":113},"5":{"loc":{"start":{"line":114,"column":18},"end":{"line":114,"column":null}},"type":"cond-expr","locations":[{"start":{"line":114,"column":51},"end":{"line":114,"column":76}},{"start":{"line":114,"column":76},"end":{"line":114,"column":null}}],"line":114},"6":{"loc":{"start":{"line":114,"column":18},"end":{"line":114,"column":51}},"type":"binary-expr","locations":[{"start":{"line":114,"column":18},"end":{"line":114,"column":29}},{"start":{"line":114,"column":29},"end":{"line":114,"column":51}}],"line":114},"7":{"loc":{"start":{"line":130,"column":18},"end":{"line":132,"column":null}},"type":"cond-expr","locations":[{"start":{"line":131,"column":22},"end":{"line":131,"column":null}},{"start":{"line":132,"column":22},"end":{"line":132,"column":null}}],"line":130},"8":{"loc":{"start":{"line":137,"column":56},"end":{"line":137,"column":123}},"type":"cond-expr","locations":[{"start":{"line":137,"column":78},"end":{"line":137,"column":104}},{"start":{"line":137,"column":104},"end":{"line":137,"column":123}}],"line":137},"9":{"loc":{"start":{"line":144,"column":11},"end":{"line":162,"column":null}},"type":"binary-expr","locations":[{"start":{"line":144,"column":11},"end":{"line":144,"column":null}},{"start":{"line":145,"column":12},"end":{"line":162,"column":null}}],"line":144},"10":{"loc":{"start":{"line":177,"column":13},"end":{"line":211,"column":null}},"type":"cond-expr","locations":[{"start":{"line":178,"column":14},"end":{"line":208,"column":null}},{"start":{"line":210,"column":14},"end":{"line":211,"column":null}}],"line":177}},"s":{"0":1,"1":1,"2":5,"3":5,"4":5,"5":5,"6":5,"7":1,"8":0,"9":1,"10":1,"11":1,"12":0,"13":1,"14":1,"15":1,"16":1,"17":1,"18":1,"19":1,"20":1,"21":1,"22":1,"23":1,"24":0,"25":0,"26":5,"27":2,"28":5,"29":20,"30":1,"31":1,"32":1},"f":{"0":5,"1":1,"2":1,"3":1,"4":1,"5":0,"6":2,"7":2,"8":20,"9":1,"10":1,"11":1},"b":{"0":[0,1],"1":[0,1],"2":[2,3],"3":[2,3],"4":[2,18],"5":[6,14],"6":[20,8],"7":[2,18],"8":[2,18],"9":[5,2],"10":[1,4]},"meta":{"lastBranch":11,"lastFunction":12,"lastStatement":33,"seen":{"s:1:0:1:Infinity":0,"s:17:32:22:Infinity":1,"f:36:16:36:31":0,"s:37:21:37:67":2,"s:38:18:38:56":3,"s:39:19:39:58":4,"s:40:24:40:77":5,"s:48:8:75:15":6,"f:48:21:48:34":1,"b:49:4:49:Infinity:undefined:undefined:undefined:undefined":0,"s:49:4:49:Infinity":7,"s:49:17:49:Infinity":8,"s:51:22:51:55":9,"f:51:33:51:38":2,"s:51:43:51:55":10,"b:52:4:52:Infinity:undefined:undefined:undefined:undefined":1,"s:52:4:52:Infinity":11,"s:52:20:52:Infinity":12,"s:54:4:54:Infinity":13,"s:55:4:55:Infinity":14,"s:56:4:56:Infinity":15,"s:59:22:61:11":16,"f:59:22:59:39":3,"s:60:6:60:Infinity":17,"s:64:23:69:12":18,"f:64:23:64:40":4,"s:65:6:65:Infinity":19,"s:66:6:66:Infinity":20,"s:67:6:67:Infinity":21,"s:68:6:68:Infinity":22,"s:71:4:73:Infinity":23,"f:71:4:71:17":5,"s:72:6:72:Infinity":24,"s:73:6:73:Infinity":25,"s:78:2:82:Infinity":26,"f:78:2:78:18":6,"s:79:4:79:Infinity":27,"f:79:4:79:17":7,"s:84:2:247:Infinity":28,"b:98:59:98:75:98:75:98:102":2,"b:102:25:102:34:102:34:102:Infinity":3,"f:109:22:109:27":8,"s:110:12:139:Infinity":29,"b:113:38:113:90:113:90:113:Infinity":4,"b:114:51:114:76:114:76:114:Infinity":5,"b:114:18:114:29:114:29:114:51":6,"f:127:16:127:31":9,"s:127:31:127:47":30,"b:131:22:131:Infinity:132:22:132:Infinity":7,"b:137:78:137:104:137:104:137:123":8,"b:144:11:144:Infinity:145:12:162:Infinity":9,"b:178:14:208:Infinity:210:14:211:Infinity":10,"f:193:79:193:84":10,"s:193:89:193:109":31,"f:197:69:197:74":11,"s:197:79:197:99":32}}}
,"C:\\project\\editohub-landing\\src\\features\\journey\\VoterRegistration.tsx": {"path":"C:\\project\\editohub-landing\\src\\features\\journey\\VoterRegistration.tsx","statementMap":{"0":{"start":{"line":1,"column":0},"end":{"line":1,"column":null}},"1":{"start":{"line":10,"column":15},"end":{"line":10,"column":37}},"2":{"start":{"line":11,"column":18},"end":{"line":11,"column":47}},"3":{"start":{"line":12,"column":19},"end":{"line":16,"column":4}},"4":{"start":{"line":18,"column":8},"end":{"line":23,"column":null}},"5":{"start":{"line":19,"column":4},"end":{"line":19,"column":null}},"6":{"start":{"line":20,"column":4},"end":{"line":23,"column":null}},"7":{"start":{"line":21,"column":6},"end":{"line":21,"column":null}},"8":{"start":{"line":22,"column":6},"end":{"line":22,"column":null}},"9":{"start":{"line":22,"column":19},"end":{"line":22,"column":25}},"10":{"start":{"line":26,"column":2},"end":{"line":177,"column":null}},"11":{"start":{"line":61,"column":33},"end":{"line":61,"column":81}},"12":{"start":{"line":72,"column":33},"end":{"line":72,"column":82}},"13":{"start":{"line":170,"column":29},"end":{"line":170,"column":39}}},"fnMap":{"0":{"name":"VoterRegistration","decl":{"start":{"line":9,"column":16},"end":{"line":9,"column":36}},"loc":{"start":{"line":9,"column":36},"end":{"line":177,"column":null}},"line":9},"1":{"name":"(anonymous_1)","decl":{"start":{"line":18,"column":8},"end":{"line":18,"column":27}},"loc":{"start":{"line":18,"column":27},"end":{"line":23,"column":null}},"line":18},"2":{"name":"(anonymous_2)","decl":{"start":{"line":20,"column":4},"end":{"line":20,"column":21}},"loc":{"start":{"line":20,"column":21},"end":{"line":23,"column":12}},"line":20},"3":{"name":"(anonymous_3)","decl":{"start":{"line":22,"column":6},"end":{"line":22,"column":14}},"loc":{"start":{"line":22,"column":19},"end":{"line":22,"column":25}},"line":22},"4":{"name":"(anonymous_4)","decl":{"start":{"line":61,"column":18},"end":{"line":61,"column":28}},"loc":{"start":{"line":61,"column":33},"end":{"line":61,"column":81}},"line":61},"5":{"name":"(anonymous_5)","decl":{"start":{"line":72,"column":18},"end":{"line":72,"column":28}},"loc":{"start":{"line":72,"column":33},"end":{"line":72,"column":82}},"line":72},"6":{"name":"(anonymous_6)","decl":{"start":{"line":170,"column":14},"end":{"line":170,"column":29}},"loc":{"start":{"line":170,"column":29},"end":{"line":170,"column":39}},"line":170}},"branchMap":{"0":{"loc":{"start":{"line":33,"column":9},"end":{"line":86,"column":null}},"type":"binary-expr","locations":[{"start":{"line":33,"column":9},"end":{"line":33,"column":null}},{"start":{"line":34,"column":10},"end":{"line":86,"column":null}}],"line":33},"1":{"loc":{"start":{"line":81,"column":24},"end":{"line":81,"column":null}},"type":"binary-expr","locations":[{"start":{"line":81,"column":24},"end":{"line":81,"column":42}},{"start":{"line":81,"column":42},"end":{"line":81,"column":null}}],"line":81},"2":{"loc":{"start":{"line":84,"column":15},"end":{"line":84,"column":null}},"type":"cond-expr","locations":[{"start":{"line":84,"column":25},"end":{"line":84,"column":42}},{"start":{"line":84,"column":42},"end":{"line":84,"column":null}}],"line":84},"3":{"loc":{"start":{"line":89,"column":9},"end":{"line":139,"column":null}},"type":"binary-expr","locations":[{"start":{"line":89,"column":9},"end":{"line":89,"column":null}},{"start":{"line":90,"column":10},"end":{"line":139,"column":null}}],"line":89},"4":{"loc":{"start":{"line":120,"column":160},"end":{"line":120,"column":null}},"type":"cond-expr","locations":[{"start":{"line":120,"column":170},"end":{"line":120,"column":175}},{"start":{"line":120,"column":175},"end":{"line":120,"column":null}}],"line":120},"5":{"loc":{"start":{"line":137,"column":15},"end":{"line":137,"column":null}},"type":"cond-expr","locations":[{"start":{"line":137,"column":25},"end":{"line":137,"column":43}},{"start":{"line":137,"column":43},"end":{"line":137,"column":null}}],"line":137},"6":{"loc":{"start":{"line":142,"column":9},"end":{"line":144,"column":null}},"type":"binary-expr","locations":[{"start":{"line":142,"column":9},"end":{"line":142,"column":null}},{"start":{"line":143,"column":10},"end":{"line":144,"column":null}}],"line":142}},"s":{"0":1,"1":7,"2":7,"3":7,"4":7,"5":2,"6":2,"7":2,"8":2,"9":2,"10":7,"11":1,"12":0,"13":0},"f":{"0":7,"1":2,"2":2,"3":2,"4":1,"5":0,"6":0},"b":{"0":[7,4],"1":[4,2],"2":[1,3],"3":[7,2],"4":[1,1],"5":[1,1],"6":[7,1]},"meta":{"lastBranch":7,"lastFunction":7,"lastStatement":14,"seen":{"s:1:0:1:Infinity":0,"f:9:16:9:36":0,"s:10:15:10:37":1,"s:11:18:11:47":2,"s:12:19:16:4":3,"s:18:8:23:Infinity":4,"f:18:8:18:27":1,"s:19:4:19:Infinity":5,"s:20:4:23:Infinity":6,"f:20:4:20:21":2,"s:21:6:21:Infinity":7,"s:22:6:22:Infinity":8,"f:22:6:22:14":3,"s:22:19:22:25":9,"s:26:2:177:Infinity":10,"b:33:9:33:Infinity:34:10:86:Infinity":0,"f:61:18:61:28":4,"s:61:33:61:81":11,"f:72:18:72:28":5,"s:72:33:72:82":12,"b:81:24:81:42:81:42:81:Infinity":1,"b:84:25:84:42:84:42:84:Infinity":2,"b:89:9:89:Infinity:90:10:139:Infinity":3,"b:120:170:120:175:120:175:120:Infinity":4,"b:137:25:137:43:137:43:137:Infinity":5,"b:142:9:142:Infinity:143:10:144:Infinity":6,"f:170:14:170:29":6,"s:170:29:170:39":13}}}
,"C:\\project\\editohub-landing\\src\\features\\simulation\\SimulationPanel.tsx": {"path":"C:\\project\\editohub-landing\\src\\features\\simulation\\SimulationPanel.tsx","statementMap":{"0":{"start":{"line":9,"column":13},"end":{"line":190,"column":null}},"1":{"start":{"line":10,"column":33},"end":{"line":10,"column":58}},"2":{"start":{"line":11,"column":8},"end":{"line":11,"column":46}},"3":{"start":{"line":12,"column":10},"end":{"line":12,"column":45}},"4":{"start":{"line":14,"column":8},"end":{"line":22,"column":null}},"5":{"start":{"line":15,"column":4},"end":{"line":15,"column":null}},"6":{"start":{"line":16,"column":4},"end":{"line":22,"column":null}},"7":{"start":{"line":25,"column":2},"end":{"line":190,"column":null}},"8":{"start":{"line":49,"column":37},"end":{"line":49,"column":79}},"9":{"start":{"line":62,"column":37},"end":{"line":62,"column":84}},"10":{"start":{"line":93,"column":46},"end":{"line":93,"column":126}},"11":{"start":{"line":105,"column":46},"end":{"line":105,"column":125}},"12":{"start":{"line":117,"column":46},"end":{"line":117,"column":130}},"13":{"start":{"line":147,"column":18},"end":{"line":154,"column":null}},"14":{"start":{"line":150,"column":35},"end":{"line":150,"column":75}}},"fnMap":{"0":{"name":"(anonymous_0)","decl":{"start":{"line":9,"column":13},"end":{"line":9,"column":37}},"loc":{"start":{"line":9,"column":37},"end":{"line":190,"column":null}},"line":9},"1":{"name":"(anonymous_1)","decl":{"start":{"line":14,"column":8},"end":{"line":14,"column":26}},"loc":{"start":{"line":14,"column":26},"end":{"line":22,"column":null}},"line":14},"2":{"name":"(anonymous_2)","decl":{"start":{"line":49,"column":20},"end":{"line":49,"column":31}},"loc":{"start":{"line":49,"column":37},"end":{"line":49,"column":79}},"line":49},"3":{"name":"(anonymous_3)","decl":{"start":{"line":62,"column":20},"end":{"line":62,"column":31}},"loc":{"start":{"line":62,"column":37},"end":{"line":62,"column":84}},"line":62},"4":{"name":"(anonymous_4)","decl":{"start":{"line":93,"column":20},"end":{"line":93,"column":36}},"loc":{"start":{"line":93,"column":46},"end":{"line":93,"column":126}},"line":93},"5":{"name":"(anonymous_5)","decl":{"start":{"line":105,"column":20},"end":{"line":105,"column":36}},"loc":{"start":{"line":105,"column":46},"end":{"line":105,"column":125}},"line":105},"6":{"name":"(anonymous_6)","decl":{"start":{"line":117,"column":20},"end":{"line":117,"column":36}},"loc":{"start":{"line":117,"column":46},"end":{"line":117,"column":130}},"line":117},"7":{"name":"(anonymous_7)","decl":{"start":{"line":142,"column":16},"end":{"line":142,"column":32}},"loc":{"start":{"line":142,"column":40},"end":{"line":142,"column":null}},"line":142},"8":{"name":"(anonymous_8)","decl":{"start":{"line":146,"column":116},"end":{"line":146,"column":121}},"loc":{"start":{"line":147,"column":18},"end":{"line":154,"column":null}},"line":147},"9":{"name":"(anonymous_9)","decl":{"start":{"line":150,"column":20},"end":{"line":150,"column":35}},"loc":{"start":{"line":150,"column":35},"end":{"line":150,"column":75}},"line":150}},"branchMap":{"0":{"loc":{"start":{"line":29,"column":11},"end":{"line":70,"column":null}},"type":"binary-expr","locations":[{"start":{"line":29,"column":11},"end":{"line":29,"column":null}},{"start":{"line":30,"column":12},"end":{"line":70,"column":null}}],"line":29},"1":{"loc":{"start":{"line":73,"column":11},"end":{"line":123,"column":null}},"type":"binary-expr","locations":[{"start":{"line":73,"column":11},"end":{"line":73,"column":null}},{"start":{"line":74,"column":12},"end":{"line":123,"column":null}}],"line":73},"2":{"loc":{"start":{"line":126,"column":11},"end":{"line":157,"column":null}},"type":"binary-expr","locations":[{"start":{"line":126,"column":11},"end":{"line":126,"column":null}},{"start":{"line":127,"column":12},"end":{"line":157,"column":null}}],"line":126},"3":{"loc":{"start":{"line":160,"column":11},"end":{"line":162,"column":null}},"type":"binary-expr","locations":[{"start":{"line":160,"column":11},"end":{"line":160,"column":null}},{"start":{"line":161,"column":12},"end":{"line":162,"column":null}}],"line":160},"4":{"loc":{"start":{"line":179,"column":9},"end":{"line":186,"column":null}},"type":"binary-expr","locations":[{"start":{"line":179,"column":9},"end":{"line":179,"column":null}},{"start":{"line":180,"column":10},"end":{"line":186,"column":null}}],"line":179}},"s":{"0":1,"1":5,"2":5,"3":5,"4":5,"5":0,"6":0,"7":5,"8":1,"9":0,"10":0,"11":0,"12":0,"13":0,"14":0},"f":{"0":5,"1":0,"2":1,"3":0,"4":0,"5":0,"6":0,"7":0,"8":0,"9":0},"b":{"0":[5,4],"1":[5,1],"2":[5,0],"3":[5,0],"4":[5,5]},"meta":{"lastBranch":5,"lastFunction":10,"lastStatement":15,"seen":{"s:9:13:190:Infinity":0,"f:9:13:9:37":0,"s:10:33:10:58":1,"s:11:8:11:46":2,"s:12:10:12:45":3,"s:14:8:22:Infinity":4,"f:14:8:14:26":1,"s:15:4:15:Infinity":5,"s:16:4:22:Infinity":6,"s:25:2:190:Infinity":7,"b:29:11:29:Infinity:30:12:70:Infinity":0,"f:49:20:49:31":2,"s:49:37:49:79":8,"f:62:20:62:31":3,"s:62:37:62:84":9,"b:73:11:73:Infinity:74:12:123:Infinity":1,"f:93:20:93:36":4,"s:93:46:93:126":10,"f:105:20:105:36":5,"s:105:46:105:125":11,"f:117:20:117:36":6,"s:117:46:117:130":12,"b:126:11:126:Infinity:127:12:157:Infinity":2,"f:142:16:142:32":7,"f:146:116:146:121":8,"s:147:18:154:Infinity":13,"f:150:20:150:35":9,"s:150:35:150:75":14,"b:160:11:160:Infinity:161:12:162:Infinity":3,"b:179:9:179:Infinity:180:10:186:Infinity":4}}}
,"C:\\project\\editohub-landing\\src\\lib\\utils.ts": {"path":"C:\\project\\editohub-landing\\src\\lib\\utils.ts","statementMap":{"0":{"start":{"line":5,"column":2},"end":{"line":5,"column":null}},"1":{"start":{"line":9,"column":22},"end":{"line":9,"column":58}},"2":{"start":{"line":10,"column":2},"end":{"line":11,"column":null}},"3":{"start":{"line":11,"column":4},"end":{"line":11,"column":null}},"4":{"start":{"line":13,"column":15},"end":{"line":13,"column":36}},"5":{"start":{"line":14,"column":2},"end":{"line":14,"column":null}},"6":{"start":{"line":15,"column":2},"end":{"line":15,"column":null}}},"fnMap":{"0":{"name":"cn","decl":{"start":{"line":4,"column":16},"end":{"line":4,"column":19}},"loc":{"start":{"line":4,"column":44},"end":{"line":5,"column":null}},"line":4},"1":{"name":"safeJsonParse","decl":{"start":{"line":8,"column":22},"end":{"line":8,"column":36}},"loc":{"start":{"line":8,"column":56},"end":{"line":15,"column":null}},"line":8}},"branchMap":{"0":{"loc":{"start":{"line":10,"column":2},"end":{"line":11,"column":null}},"type":"if","locations":[{"start":{"line":10,"column":2},"end":{"line":11,"column":null}},{"start":{},"end":{}}],"line":10},"1":{"loc":{"start":{"line":10,"column":6},"end":{"line":10,"column":61}},"type":"binary-expr","locations":[{"start":{"line":10,"column":6},"end":{"line":10,"column":21}},{"start":{"line":10,"column":21},"end":{"line":10,"column":61}}],"line":10},"2":{"loc":{"start":{"line":15,"column":48},"end":{"line":15,"column":86}},"type":"binary-expr","locations":[{"start":{"line":15,"column":48},"end":{"line":15,"column":63}},{"start":{"line":15,"column":63},"end":{"line":15,"column":86}}],"line":15}},"s":{"0":78,"1":0,"2":0,"3":0,"4":0,"5":0,"6":0},"f":{"0":78,"1":0},"b":{"0":[0,0],"1":[0,0],"2":[0,0]},"meta":{"lastBranch":3,"lastFunction":2,"lastStatement":7,"seen":{"f:4:16:4:19":0,"s:5:2:5:Infinity":0,"f:8:22:8:36":1,"s:9:22:9:58":1,"b:10:2:11:Infinity:undefined:undefined:undefined:undefined":0,"s:10:2:11:Infinity":2,"b:10:6:10:21:10:21:10:61":1,"s:11:4:11:Infinity":3,"s:13:15:13:36":4,"s:14:2:14:Infinity":5,"s:15:2:15:Infinity":6,"b:15:48:15:63:15:63:15:86":2}}}
,"C:\\project\\editohub-landing\\src\\services\\ai-service.ts": {"path":"C:\\project\\editohub-landing\\src\\services\\ai-service.ts","statementMap":{"0":{"start":{"line":20,"column":4},"end":{"line":21,"column":null}},"1":{"start":{"line":21,"column":6},"end":{"line":21,"column":null}},"2":{"start":{"line":24,"column":4},"end":{"line":41,"column":null}},"3":{"start":{"line":25,"column":23},"end":{"line":31,"column":8}},"4":{"start":{"line":33,"column":6},"end":{"line":34,"column":null}},"5":{"start":{"line":34,"column":8},"end":{"line":34,"column":null}},"6":{"start":{"line":37,"column":19},"end":{"line":37,"column":40}},"7":{"start":{"line":38,"column":6},"end":{"line":38,"column":null}},"8":{"start":{"line":40,"column":6},"end":{"line":40,"column":null}},"9":{"start":{"line":41,"column":6},"end":{"line":41,"column":null}},"10":{"start":{"line":51,"column":4},"end":{"line":68,"column":null}},"11":{"start":{"line":52,"column":23},"end":{"line":58,"column":8}},"12":{"start":{"line":60,"column":6},"end":{"line":61,"column":null}},"13":{"start":{"line":61,"column":8},"end":{"line":61,"column":null}},"14":{"start":{"line":64,"column":19},"end":{"line":64,"column":40}},"15":{"start":{"line":65,"column":6},"end":{"line":65,"column":null}},"16":{"start":{"line":67,"column":6},"end":{"line":67,"column":null}},"17":{"start":{"line":68,"column":6},"end":{"line":68,"column":null}}},"fnMap":{"0":{"name":"(anonymous_0)","decl":{"start":{"line":19,"column":15},"end":{"line":19,"column":33}},"loc":{"start":{"line":19,"column":70},"end":{"line":41,"column":null}},"line":19},"1":{"name":"(anonymous_1)","decl":{"start":{"line":50,"column":15},"end":{"line":50,"column":30}},"loc":{"start":{"line":50,"column":119},"end":{"line":68,"column":null}},"line":50}},"branchMap":{"0":{"loc":{"start":{"line":20,"column":4},"end":{"line":21,"column":null}},"type":"if","locations":[{"start":{"line":20,"column":4},"end":{"line":21,"column":null}},{"start":{},"end":{}}],"line":20},"1":{"loc":{"start":{"line":33,"column":6},"end":{"line":34,"column":null}},"type":"if","locations":[{"start":{"line":33,"column":6},"end":{"line":34,"column":null}},{"start":{},"end":{}}],"line":33},"2":{"loc":{"start":{"line":38,"column":21},"end":{"line":38,"column":61}},"type":"binary-expr","locations":[{"start":{"line":38,"column":21},"end":{"line":38,"column":34}},{"start":{"line":38,"column":34},"end":{"line":38,"column":61}}],"line":38},"3":{"loc":{"start":{"line":41,"column":32},"end":{"line":41,"column":99}},"type":"cond-expr","locations":[{"start":{"line":41,"column":57},"end":{"line":41,"column":73}},{"start":{"line":41,"column":73},"end":{"line":41,"column":99}}],"line":41},"4":{"loc":{"start":{"line":60,"column":6},"end":{"line":61,"column":null}},"type":"if","locations":[{"start":{"line":60,"column":6},"end":{"line":61,"column":null}},{"start":{},"end":{}}],"line":60},"5":{"loc":{"start":{"line":65,"column":21},"end":{"line":65,"column":60}},"type":"binary-expr","locations":[{"start":{"line":65,"column":21},"end":{"line":65,"column":34}},{"start":{"line":65,"column":34},"end":{"line":65,"column":60}}],"line":65},"6":{"loc":{"start":{"line":68,"column":32},"end":{"line":68,"column":102}},"type":"cond-expr","locations":[{"start":{"line":68,"column":57},"end":{"line":68,"column":73}},{"start":{"line":68,"column":73},"end":{"line":68,"column":102}}],"line":68}},"s":{"0":3,"1":1,"2":2,"3":2,"4":2,"5":1,"6":1,"7":1,"8":1,"9":1,"10":2,"11":2,"12":1,"13":0,"14":1,"15":1,"16":1,"17":1},"f":{"0":1,"1":1},"b":{"0":[1,2],"1":[1,1],"2":[1,0],"3":[1,0],"4":[0,1],"5":[1,0],"6":[1,0]},"meta":{"lastBranch":7,"lastFunction":2,"lastStatement":18,"seen":{"f:19:15:19:33":0,"b:20:4:21:Infinity:undefined:undefined:undefined:undefined":0,"s:20:4:21:Infinity":0,"s:21:6:21:Infinity":1,"s:24:4:41:Infinity":2,"s:25:23:31:8":3,"b:33:6:34:Infinity:undefined:undefined:undefined:undefined":1,"s:33:6:34:Infinity":4,"s:34:8:34:Infinity":5,"s:37:19:37:40":6,"s:38:6:38:Infinity":7,"b:38:21:38:34:38:34:38:61":2,"s:40:6:40:Infinity":8,"s:41:6:41:Infinity":9,"b:41:57:41:73:41:73:41:99":3,"f:50:15:50:30":1,"s:51:4:68:Infinity":10,"s:52:23:58:8":11,"b:60:6:61:Infinity:undefined:undefined:undefined:undefined":4,"s:60:6:61:Infinity":12,"s:61:8:61:Infinity":13,"s:64:19:64:40":14,"s:65:6:65:Infinity":15,"b:65:21:65:34:65:34:65:60":5,"s:67:6:67:Infinity":16,"s:68:6:68:Infinity":17,"b:68:57:68:73:68:73:68:102":6}}}
,"C:\\project\\editohub-landing\\src\\stores\\useJourneyStore.ts": {"path":"C:\\project\\editohub-landing\\src\\stores\\useJourneyStore.ts","statementMap":{"0":{"start":{"line":33,"column":13},"end":{"line":57,"column":null}},"1":{"start":{"line":35,"column":14},"end":{"line":53,"column":null}},"2":{"start":{"line":39,"column":27},"end":{"line":39,"column":55}},"3":{"start":{"line":40,"column":32},"end":{"line":44,"column":9}},"4":{"start":{"line":40,"column":48},"end":{"line":43,"column":null}},"5":{"start":{"line":45,"column":32},"end":{"line":47,"column":9}},"6":{"start":{"line":45,"column":48},"end":{"line":46,"column":null}},"7":{"start":{"line":48,"column":26},"end":{"line":52,"column":null}}},"fnMap":{"0":{"name":"(anonymous_0)","decl":{"start":{"line":34,"column":2},"end":{"line":34,"column":null}},"loc":{"start":{"line":35,"column":14},"end":{"line":53,"column":null}},"line":35},"1":{"name":"(anonymous_1)","decl":{"start":{"line":39,"column":6},"end":{"line":39,"column":17}},"loc":{"start":{"line":39,"column":27},"end":{"line":39,"column":55}},"line":39},"2":{"name":"(anonymous_2)","decl":{"start":{"line":40,"column":6},"end":{"line":40,"column":22}},"loc":{"start":{"line":40,"column":32},"end":{"line":44,"column":9}},"line":40},"3":{"name":"(anonymous_3)","decl":{"start":{"line":40,"column":32},"end":{"line":40,"column":37}},"loc":{"start":{"line":40,"column":48},"end":{"line":43,"column":null}},"line":40},"4":{"name":"(anonymous_4)","decl":{"start":{"line":45,"column":6},"end":{"line":45,"column":23}},"loc":{"start":{"line":45,"column":32},"end":{"line":47,"column":9}},"line":45},"5":{"name":"(anonymous_5)","decl":{"start":{"line":45,"column":32},"end":{"line":45,"column":37}},"loc":{"start":{"line":45,"column":48},"end":{"line":46,"column":null}},"line":45},"6":{"name":"(anonymous_6)","decl":{"start":{"line":48,"column":6},"end":{"line":48,"column":26}},"loc":{"start":{"line":48,"column":26},"end":{"line":52,"column":null}},"line":48}},"branchMap":{"0":{"loc":{"start":{"line":41,"column":25},"end":{"line":43,"column":45}},"type":"cond-expr","locations":[{"start":{"line":42,"column":12},"end":{"line":42,"column":null}},{"start":{"line":43,"column":12},"end":{"line":43,"column":45}}],"line":41}},"s":{"0":1,"1":1,"2":2,"3":2,"4":2,"5":0,"6":0,"7":1},"f":{"0":1,"1":2,"2":2,"3":2,"4":0,"5":0,"6":1},"b":{"0":[1,1]},"meta":{"lastBranch":1,"lastFunction":7,"lastStatement":8,"seen":{"s:33:13:57:Infinity":0,"f:34:2:34:Infinity":0,"s:35:14:53:Infinity":1,"f:39:6:39:17":1,"s:39:27:39:55":2,"f:40:6:40:22":2,"s:40:32:44:9":3,"f:40:32:40:37":3,"s:40:48:43:Infinity":4,"b:42:12:42:Infinity:43:12:43:45":0,"f:45:6:45:23":4,"s:45:32:47:9":5,"f:45:32:45:37":5,"s:45:48:46:Infinity":6,"f:48:6:48:26":6,"s:48:26:52:Infinity":7}}}
,"C:\\project\\editohub-landing\\src\\stores\\useSimulationStore.ts": {"path":"C:\\project\\editohub-landing\\src\\stores\\useSimulationStore.ts","statementMap":{"0":{"start":{"line":43,"column":21},"end":{"line":58,"column":null}},"1":{"start":{"line":60,"column":13},"end":{"line":73,"column":3}},"2":{"start":{"line":60,"column":68},"end":{"line":73,"column":3}},"3":{"start":{"line":62,"column":27},"end":{"line":62,"column":43}},"4":{"start":{"line":63,"column":37},"end":{"line":63,"column":58}},"5":{"start":{"line":64,"column":21},"end":{"line":64,"column":34}},"6":{"start":{"line":65,"column":35},"end":{"line":65,"column":55}},"7":{"start":{"line":66,"column":35},"end":{"line":66,"column":55}},"8":{"start":{"line":67,"column":32},"end":{"line":71,"column":5}},"9":{"start":{"line":67,"column":48},"end":{"line":70,"column":null}},"10":{"start":{"line":69,"column":41},"end":{"line":69,"column":56}},"11":{"start":{"line":72,"column":15},"end":{"line":72,"column":null}}},"fnMap":{"0":{"name":"(anonymous_0)","decl":{"start":{"line":60,"column":34},"end":{"line":60,"column":59}},"loc":{"start":{"line":60,"column":68},"end":{"line":73,"column":3}},"line":60},"1":{"name":"(anonymous_1)","decl":{"start":{"line":62,"column":2},"end":{"line":62,"column":15}},"loc":{"start":{"line":62,"column":27},"end":{"line":62,"column":43}},"line":62},"2":{"name":"(anonymous_2)","decl":{"start":{"line":63,"column":2},"end":{"line":63,"column":20}},"loc":{"start":{"line":63,"column":37},"end":{"line":63,"column":58}},"line":63},"3":{"name":"(anonymous_3)","decl":{"start":{"line":64,"column":2},"end":{"line":64,"column":12}},"loc":{"start":{"line":64,"column":21},"end":{"line":64,"column":34}},"line":64},"4":{"name":"(anonymous_4)","decl":{"start":{"line":65,"column":2},"end":{"line":65,"column":19}},"loc":{"start":{"line":65,"column":35},"end":{"line":65,"column":55}},"line":65},"5":{"name":"(anonymous_5)","decl":{"start":{"line":66,"column":2},"end":{"line":66,"column":19}},"loc":{"start":{"line":66,"column":35},"end":{"line":66,"column":55}},"line":66},"6":{"name":"(anonymous_6)","decl":{"start":{"line":67,"column":2},"end":{"line":67,"column":19}},"loc":{"start":{"line":67,"column":32},"end":{"line":71,"column":5}},"line":67},"7":{"name":"(anonymous_7)","decl":{"start":{"line":67,"column":32},"end":{"line":67,"column":37}},"loc":{"start":{"line":67,"column":48},"end":{"line":70,"column":null}},"line":67},"8":{"name":"(anonymous_8)","decl":{"start":{"line":69,"column":27},"end":{"line":69,"column":35}},"loc":{"start":{"line":69,"column":41},"end":{"line":69,"column":56}},"line":69},"9":{"name":"(anonymous_9)","decl":{"start":{"line":72,"column":2},"end":{"line":72,"column":15}},"loc":{"start":{"line":72,"column":15},"end":{"line":72,"column":null}},"line":72}},"branchMap":{"0":{"loc":{"start":{"line":68,"column":18},"end":{"line":70,"column":41}},"type":"cond-expr","locations":[{"start":{"line":69,"column":8},"end":{"line":69,"column":56}},{"start":{"line":70,"column":8},"end":{"line":70,"column":41}}],"line":68}},"s":{"0":2,"1":2,"2":2,"3":2,"4":0,"5":0,"6":0,"7":1,"8":2,"9":2,"10":1,"11":7},"f":{"0":2,"1":2,"2":0,"3":0,"4":0,"5":1,"6":2,"7":2,"8":1,"9":7},"b":{"0":[1,1]},"meta":{"lastBranch":1,"lastFunction":10,"lastStatement":12,"seen":{"s:43:21:58:Infinity":0,"s:60:13:73:3":1,"f:60:34:60:59":0,"s:60:68:73:3":2,"f:62:2:62:15":1,"s:62:27:62:43":3,"f:63:2:63:20":2,"s:63:37:63:58":4,"f:64:2:64:12":3,"s:64:21:64:34":5,"f:65:2:65:19":4,"s:65:35:65:55":6,"f:66:2:66:19":5,"s:66:35:66:55":7,"f:67:2:67:19":6,"s:67:32:71:5":8,"f:67:32:67:37":7,"s:67:48:70:Infinity":9,"b:69:8:69:56:70:8:70:41":0,"f:69:27:69:35":8,"s:69:41:69:56":10,"f:72:2:72:15":9,"s:72:15:72:Infinity":11}}}
,"C:\\project\\editohub-landing\\src\\stores\\useUIStore.ts": {"path":"C:\\project\\editohub-landing\\src\\stores\\useUIStore.ts","statementMap":{"0":{"start":{"line":11,"column":13},"end":{"line":18,"column":3}},"1":{"start":{"line":11,"column":52},"end":{"line":18,"column":3}},"2":{"start":{"line":14,"column":18},"end":{"line":14,"column":102}},"3":{"start":{"line":14,"column":34},"end":{"line":14,"column":100}},"4":{"start":{"line":15,"column":18},"end":{"line":15,"column":87}},"5":{"start":{"line":15,"column":34},"end":{"line":15,"column":85}},"6":{"start":{"line":16,"column":21},"end":{"line":16,"column":47}},"7":{"start":{"line":17,"column":19},"end":{"line":17,"column":null}}},"fnMap":{"0":{"name":"(anonymous_0)","decl":{"start":{"line":11,"column":26},"end":{"line":11,"column":43}},"loc":{"start":{"line":11,"column":52},"end":{"line":18,"column":3}},"line":11},"1":{"name":"(anonymous_1)","decl":{"start":{"line":14,"column":2},"end":{"line":14,"column":18}},"loc":{"start":{"line":14,"column":18},"end":{"line":14,"column":102}},"line":14},"2":{"name":"(anonymous_2)","decl":{"start":{"line":14,"column":18},"end":{"line":14,"column":23}},"loc":{"start":{"line":14,"column":34},"end":{"line":14,"column":100}},"line":14},"3":{"name":"(anonymous_3)","decl":{"start":{"line":15,"column":2},"end":{"line":15,"column":18}},"loc":{"start":{"line":15,"column":18},"end":{"line":15,"column":87}},"line":15},"4":{"name":"(anonymous_4)","decl":{"start":{"line":15,"column":18},"end":{"line":15,"column":23}},"loc":{"start":{"line":15,"column":34},"end":{"line":15,"column":85}},"line":15},"5":{"name":"(anonymous_5)","decl":{"start":{"line":16,"column":2},"end":{"line":16,"column":12}},"loc":{"start":{"line":16,"column":21},"end":{"line":16,"column":47}},"line":16},"6":{"name":"(anonymous_6)","decl":{"start":{"line":17,"column":2},"end":{"line":17,"column":19}},"loc":{"start":{"line":17,"column":19},"end":{"line":17,"column":null}},"line":17}},"branchMap":{},"s":{"0":1,"1":1,"2":1,"3":1,"4":0,"5":0,"6":0,"7":3},"f":{"0":1,"1":1,"2":1,"3":0,"4":0,"5":0,"6":3},"b":{},"meta":{"lastBranch":0,"lastFunction":7,"lastStatement":8,"seen":{"s:11:13:18:3":0,"f:11:26:11:43":0,"s:11:52:18:3":1,"f:14:2:14:18":1,"s:14:18:14:102":2,"f:14:18:14:23":2,"s:14:34:14:100":3,"f:15:2:15:18":3,"s:15:18:15:87":4,"f:15:18:15:23":4,"s:15:34:15:85":5,"f:16:2:16:12":5,"s:16:21:16:47":6,"f:17:2:17:19":6,"s:17:19:17:Infinity":7}}}
}
